app/build/intermediates/manifest_merge_blame_file/debug/manifest-merger-blame-debug-report.txt
1<?xml version="1.0" encoding="utf-8"?>
2<manifest xmlns:android="http://schemas.android.com/apk/res/android"
3    package="com.codelsur.percheo"
4    android:versionCode="1"
5    android:versionName="1.0" >
6
7    <uses-sdk
8        android:minSdkVersion="29"
9        android:targetSdkVersion="34" />
10
11    <uses-permission android:name="android.permission.INTERNET" />
11-->src\main\AndroidManifest.xml:3:5-67
11-->src\main\AndroidManifest.xml:3:22-64
12    <uses-permission android:name="android.permission.CAMERA" />
12-->src\main\AndroidManifest.xml:4:5-65
12-->src\main\AndroidManifest.xml:4:22-62
13    <!-- Bluetooth clásico -->
14    <uses-permission android:name="android.permission.BLUETOOTH" />
14-->src\main\AndroidManifest.xml:6:5-67
14-->src\main\AndroidManifest.xml:6:22-65
15    <uses-permission android:name="android.permission.BLUETOOTH_ADMIN" />
15-->src\main\AndroidManifest.xml:7:5-73
15-->src\main\AndroidManifest.xml:7:22-71
16
17    <!-- Android 12+ (no afecta Android 10, pero es compatible) -->
18    <uses-permission
18-->src\main\AndroidManifest.xml:10:5-12:35
19        android:name="android.permission.BLUETOOTH_CONNECT"
19-->src\main\AndroidManifest.xml:11:9-60
20        android:required="false" />
20-->src\main\AndroidManifest.xml:12:9-33
21    <!-- Don't require camera, as this requires a rear camera. This allows it to work on the Nexus 7 -->
22    <uses-feature
22-->[com.journeyapps:zxing-android-embedded:4.3.0] AndroidManifest.xml:25:5-27:36
23        android:name="android.hardware.camera"
23-->[com.journeyapps:zxing-android-embedded:4.3.0] AndroidManifest.xml:26:9-47
24        android:required="false" />
24-->[com.journeyapps:zxing-android-embedded:4.3.0] AndroidManifest.xml:27:9-33
25    <uses-feature
25-->[com.journeyapps:zxing-android-embedded:4.3.0] AndroidManifest.xml:28:5-30:36
26        android:name="android.hardware.camera.front"
26-->[com.journeyapps:zxing-android-embedded:4.3.0] AndroidManifest.xml:29:9-53
27        android:required="false" /> <!-- TODO replace above two with next line after Android 4.2 -->
27-->[com.journeyapps:zxing-android-embedded:4.3.0] AndroidManifest.xml:30:9-33
28    <!-- <uses-feature android:name="android.hardware.camera.any"/> -->
29    <uses-feature
29-->[com.journeyapps:zxing-android-embedded:4.3.0] AndroidManifest.xml:33:5-35:36
30        android:name="android.hardware.camera.autofocus"
30-->[com.journeyapps:zxing-android-embedded:4.3.0] AndroidManifest.xml:34:9-57
31        android:required="false" />
31-->[com.journeyapps:zxing-android-embedded:4.3.0] AndroidManifest.xml:35:9-33
32    <uses-feature
32-->[com.journeyapps:zxing-android-embedded:4.3.0] AndroidManifest.xml:36:5-38:36
33        android:name="android.hardware.camera.flash"
33-->[com.journeyapps:zxing-android-embedded:4.3.0] AndroidManifest.xml:37:9-53
34        android:required="false" />
34-->[com.journeyapps:zxing-android-embedded:4.3.0] AndroidManifest.xml:38:9-33
35    <uses-feature
35-->[com.journeyapps:zxing-android-embedded:4.3.0] AndroidManifest.xml:39:5-41:36
36        android:name="android.hardware.screen.landscape"
36-->[com.journeyapps:zxing-android-embedded:4.3.0] AndroidManifest.xml:40:9-57
37        android:required="false" />
37-->[com.journeyapps:zxing-android-embedded:4.3.0] AndroidManifest.xml:41:9-33
38    <uses-feature
38-->[com.journeyapps:zxing-android-embedded:4.3.0] AndroidManifest.xml:42:5-44:36
39        android:name="android.hardware.wifi"
39-->[com.journeyapps:zxing-android-embedded:4.3.0] AndroidManifest.xml:43:9-45
40        android:required="false" />
40-->[com.journeyapps:zxing-android-embedded:4.3.0] AndroidManifest.xml:44:9-33
41
42    <permission
42-->[androidx.core:core:1.13.0] AndroidManifest.xml:22:5-24:47
43        android:name="com.codelsur.percheo.DYNAMIC_RECEIVER_NOT_EXPORTED_PERMISSION"
43-->[androidx.core:core:1.13.0] AndroidManifest.xml:23:9-81
44        android:protectionLevel="signature" />
44-->[androidx.core:core:1.13.0] AndroidManifest.xml:24:9-44
45
46    <uses-permission android:name="com.codelsur.percheo.DYNAMIC_RECEIVER_NOT_EXPORTED_PERMISSION" />
46-->[androidx.core:core:1.13.0] AndroidManifest.xml:26:5-97
46-->[androidx.core:core:1.13.0] AndroidManifest.xml:26:22-94
47
48    <application
48-->src\main\AndroidManifest.xml:14:5-28:19
49        android:appComponentFactory="androidx.core.app.CoreComponentFactory"
49-->[androidx.core:core:1.13.0] AndroidManifest.xml:28:18-86
50        android:debuggable="true"
51        android:extractNativeLibs="false"
52        android:icon="@mipmap/ic_launcher"
52-->src\main\AndroidManifest.xml:15:9-43
53        android:label="@string/app_name"
53-->src\main\AndroidManifest.xml:17:9-41
54        android:roundIcon="@mipmap/ic_launcher_round"
54-->src\main\AndroidManifest.xml:16:9-54
55        android:theme="@style/Theme.PercheoIsyplus" >
55-->src\main\AndroidManifest.xml:18:9-52
56        <activity
56-->src\main\AndroidManifest.xml:19:9-27:20
57            android:name="com.codelsur.percheo.MainActivity"
57-->src\main\AndroidManifest.xml:20:13-41
58            android:configChanges="orientation|screenSize|keyboardHidden"
58-->src\main\AndroidManifest.xml:21:13-74
59            android:exported="true" >
59-->src\main\AndroidManifest.xml:22:13-36
60            <intent-filter>
60-->src\main\AndroidManifest.xml:23:13-26:29
61                <action android:name="android.intent.action.MAIN" />
61-->src\main\AndroidManifest.xml:24:17-69
61-->src\main\AndroidManifest.xml:24:25-66
62
63                <category android:name="android.intent.category.LAUNCHER" />
63-->src\main\AndroidManifest.xml:25:17-77
63-->src\main\AndroidManifest.xml:25:27-74
64            </intent-filter>
65        </activity>
66        <activity
66-->[com.journeyapps:zxing-android-embedded:4.3.0] AndroidManifest.xml:47:9-53:63
67            android:name="com.journeyapps.barcodescanner.CaptureActivity"
67-->[com.journeyapps:zxing-android-embedded:4.3.0] AndroidManifest.xml:48:13-74
68            android:clearTaskOnLaunch="true"
68-->[com.journeyapps:zxing-android-embedded:4.3.0] AndroidManifest.xml:49:13-45
69            android:screenOrientation="sensorLandscape"
69-->[com.journeyapps:zxing-android-embedded:4.3.0] AndroidManifest.xml:50:13-56
70            android:stateNotNeeded="true"
70-->[com.journeyapps:zxing-android-embedded:4.3.0] AndroidManifest.xml:51:13-42
71            android:theme="@style/zxing_CaptureTheme"
71-->[com.journeyapps:zxing-android-embedded:4.3.0] AndroidManifest.xml:52:13-54
72            android:windowSoftInputMode="stateAlwaysHidden" />
72-->[com.journeyapps:zxing-android-embedded:4.3.0] AndroidManifest.xml:53:13-60
73
74        <provider
74-->[androidx.emoji2:emoji2:1.3.0] AndroidManifest.xml:24:9-32:20
75            android:name="androidx.startup.InitializationProvider"
75-->[androidx.emoji2:emoji2:1.3.0] AndroidManifest.xml:25:13-67
76            android:authorities="com.codelsur.percheo.androidx-startup"
76-->[androidx.emoji2:emoji2:1.3.0] AndroidManifest.xml:26:13-68
77            android:exported="false" >
77-->[androidx.emoji2:emoji2:1.3.0] AndroidManifest.xml:27:13-37
78            <meta-data
78-->[androidx.emoji2:emoji2:1.3.0] AndroidManifest.xml:29:13-31:52
79                android:name="androidx.emoji2.text.EmojiCompatInitializer"
79-->[androidx.emoji2:emoji2:1.3.0] AndroidManifest.xml:30:17-75
80                android:value="androidx.startup" />
80-->[androidx.emoji2:emoji2:1.3.0] AndroidManifest.xml:31:17-49
81            <meta-data
81-->[androidx.lifecycle:lifecycle-process:2.6.2] AndroidManifest.xml:29:13-31:52
82                android:name="androidx.lifecycle.ProcessLifecycleInitializer"
82-->[androidx.lifecycle:lifecycle-process:2.6.2] AndroidManifest.xml:30:17-78
83                android:value="androidx.startup" />
83-->[androidx.lifecycle:lifecycle-process:2.6.2] AndroidManifest.xml:31:17-49
84            <meta-data
84-->[androidx.profileinstaller:profileinstaller:1.4.0] AndroidManifest.xml:29:13-31:52
85                android:name="androidx.profileinstaller.ProfileInstallerInitializer"
85-->[androidx.profileinstaller:profileinstaller:1.4.0] AndroidManifest.xml:30:17-85
86                android:value="androidx.startup" />
86-->[androidx.profileinstaller:profileinstaller:1.4.0] AndroidManifest.xml:31:17-49
87        </provider>
88
89        <receiver
89-->[androidx.profileinstaller:profileinstaller:1.4.0] AndroidManifest.xml:34:9-52:20
90            android:name="androidx.profileinstaller.ProfileInstallReceiver"
90-->[androidx.profileinstaller:profileinstaller:1.4.0] AndroidManifest.xml:35:13-76
91            android:directBootAware="false"
91-->[androidx.profileinstaller:profileinstaller:1.4.0] AndroidManifest.xml:36:13-44
92            android:enabled="true"
92-->[androidx.profileinstaller:profileinstaller:1.4.0] AndroidManifest.xml:37:13-35
93            android:exported="true"
93-->[androidx.profileinstaller:profileinstaller:1.4.0] AndroidManifest.xml:38:13-36
94            android:permission="android.permission.DUMP" >
94-->[androidx.profileinstaller:profileinstaller:1.4.0] AndroidManifest.xml:39:13-57
95            <intent-filter>
95-->[androidx.profileinstaller:profileinstaller:1.4.0] AndroidManifest.xml:40:13-42:29
96                <action android:name="androidx.profileinstaller.action.INSTALL_PROFILE" />
96-->[androidx.profileinstaller:profileinstaller:1.4.0] AndroidManifest.xml:41:17-91
96-->[androidx.profileinstaller:profileinstaller:1.4.0] AndroidManifest.xml:41:25-88
97            </intent-filter>
98            <intent-filter>
98-->[androidx.profileinstaller:profileinstaller:1.4.0] AndroidManifest.xml:43:13-45:29
99                <action android:name="androidx.profileinstaller.action.SKIP_FILE" />
99-->[androidx.profileinstaller:profileinstaller:1.4.0] AndroidManifest.xml:44:17-85
99-->[androidx.profileinstaller:profileinstaller:1.4.0] AndroidManifest.xml:44:25-82
100            </intent-filter>
101            <intent-filter>
101-->[androidx.profileinstaller:profileinstaller:1.4.0] AndroidManifest.xml:46:13-48:29
102                <action android:name="androidx.profileinstaller.action.SAVE_PROFILE" />
102-->[androidx.profileinstaller:profileinstaller:1.4.0] AndroidManifest.xml:47:17-88
102-->[androidx.profileinstaller:profileinstaller:1.4.0] AndroidManifest.xml:47:25-85
103            </intent-filter>
104            <intent-filter>
104-->[androidx.profileinstaller:profileinstaller:1.4.0] AndroidManifest.xml:49:13-51:29
105                <action android:name="androidx.profileinstaller.action.BENCHMARK_OPERATION" />
105-->[androidx.profileinstaller:profileinstaller:1.4.0] AndroidManifest.xml:50:17-95
105-->[androidx.profileinstaller:profileinstaller:1.4.0] AndroidManifest.xml:50:25-92
106            </intent-filter>
107        </receiver>
108    </application>
109
110</manifest>